<html>
<head>
<title>TestNG:  Surefire test</title>
<link href="../testng.css" rel="stylesheet" type="text/css" />
<link href="../my-testng.css" rel="stylesheet" type="text/css" />

<style type="text/css">
.log { display: none;} 
.stack-trace { display: none;} 
</style>
<script type="text/javascript">
<!--
function flip(e) {
  current = e.style.display;
  if (current == 'block') {
    e.style.display = 'none';
    return 0;
  }
  else {
    e.style.display = 'block';
    return 1;
  }
}

function toggleBox(szDivId, elem, msg1, msg2)
{
  var res = -1;  if (document.getElementById) {
    res = flip(document.getElementById(szDivId));
  }
  else if (document.all) {
    // this is the way old msie versions work
    res = flip(document.all[szDivId]);
  }
  if(elem) {
    if(res == 0) elem.innerHTML = msg1; else elem.innerHTML = msg2;
  }

}

function toggleAllBoxes() {
  if (document.getElementsByTagName) {
    d = document.getElementsByTagName('div');
    for (i = 0; i < d.length; i++) {
      if (d[i].className == 'log') {
        flip(d[i]);
      }
    }
  }
}

// -->
</script>

</head>
<body>
<h2 align='center'>Surefire test</h2><table border='1' align="center">
<tr>
<td>Tests passed/Failed/Skipped:</td><td>0/0/3</td>
</tr><tr>
<td>Started on:</td><td>Thu Jun 12 16:40:37 CST 2025</td>
</tr>
<tr><td>Total time:</td><td>9 seconds (9126 ms)</td>
</tr><tr>
<td>Included groups:</td><td></td>
</tr><tr>
<td>Excluded groups:</td><td></td>
</tr>
</table><p/>
<small><i>(Hover the method name to see the test class name)</i></small><p/>
<table width='100%' border='1' class='invocation-failed'>
<tr><td colspan='4' align='center'><b>FAILED CONFIGURATIONS</b></td></tr>
<tr><td><b>Test method</b></td>
<td width="30%"><b>Exception</b></td>
<td width="10%"><b>Time (seconds)</b></td>
<td><b>Instance</b></td>
</tr>
<tr>
<td title='MainPageTests.init()'><b>init</b><br>Test class: MainPageTests</td>
<td><div><pre>org.openqa.selenium.SessionNotCreatedException: Could not start a new session. Response code 400. Message: You have reached 1/1 parallel tests. Try again soon or contact Support to upgrade. 
Host info: host: &apos;MacBook-Pro.local&apos;, ip: &apos;fe80:0:0:0:84a:392:f7f3:7d6d%en0&apos;
Build info: version: &apos;4.13.0&apos;, revision: &apos;ba948ece5b*&apos;
System info: os.name: &apos;Mac OS X&apos;, os.arch: &apos;aarch64&apos;, os.version: &apos;15.5&apos;, java.version: &apos;23.0.2&apos;
Driver info: io.appium.java_client.android.AndroidDriver
Command: [null, newSession {capabilities=[{appium:accessKey=b4202a39-ac70-4a72-98c9-f84b0e338516, appium:app=kobiton-store:654582, appium:autoWebview=true, appium:deviceName=Pixel *, appium:platformVersion=15, appium:username=is.emmanuel.deloitte, browserName=chrome, kobiton:captureScreenshots=true, kobiton:deviceGroup=KOBITON, kobiton:deviceOrientation=portrait, kobiton:retainDurationInSeconds=0, kobiton:sessionDescription=, kobiton:sessionName=Automation test session, kobiton:useConfiguration=, platformName=ANDROID}], desiredCapabilities=Capabilities {appium:accessKey: b4202a39-ac70-4a72-98c9-f84..., appium:app: kobiton-store:654582, appium:autoWebview: true, appium:deviceName: Pixel *, appium:platformVersion: 15, appium:username: is.emmanuel.deloitte, browserName: chrome, kobiton:captureScreenshots: true, kobiton:deviceGroup: KOBITON, kobiton:deviceOrientation: portrait, kobiton:retainDurationInSeconds: 0, kobiton:sessionDescription: , kobiton:sessionName: Automation test session, kobiton:useConfiguration: , platformName: ANDROID}}]
Capabilities {appium:accessKey: b4202a39-ac70-4a72-98c9-f84..., appium:app: kobiton-store:654582, appium:autoWebview: true, appium:deviceName: Pixel *, appium:platformVersion: 15, appium:username: is.emmanuel.deloitte, browserName: chrome, kobiton:captureScreenshots: true, kobiton:deviceGroup: KOBITON, kobiton:deviceOrientation: portrait, kobiton:retainDurationInSeconds: 0, kobiton:sessionDescription: , kobiton:sessionName: Automation test session, kobiton:useConfiguration: , platformName: ANDROID}
	at org.openqa.selenium.remote.ProtocolHandshake.createSession(ProtocolHandshake.java:140)
	at io.appium.java_client.remote.AppiumProtocolHandshake.createSession(AppiumProtocolHandshake.java:133)
	at io.appium.java_client.remote.AppiumProtocolHandshake.createSession(AppiumProtocolHandshake.java:102)
	at io.appium.java_client.remote.AppiumCommandExecutor.createSession(AppiumCommandExecutor.java:182)
	at io.appium.java_client.remote.AppiumCommandExecutor.execute(AppiumCommandExecutor.java:250)
	at org.openqa.selenium.remote.RemoteWebDriver.execute(RemoteWebDriver.java:602)
	at io.appium.java_client.AppiumDriver.startSession(AppiumDriver.java:274)
	at org.openqa.selenium.remote.RemoteWebDriver.&lt;init&gt;(RemoteWebDriver.java:163)
	at io.appium.java_client.AppiumDriver.&lt;init&gt;(AppiumDriver.java:89)
	at io.appium.java_client.AppiumDriver.&lt;init&gt;(AppiumDriver.java:101)
	at io.appium.java_client.android.AndroidDriver.&lt;init&gt;(AndroidDriver.java:113)
	at base.BaseTest.init(BaseTest.java:21)
	at java.base/java.util.ArrayList.forEach(ArrayList.java:1597)
... Removed 30 stack frames</pre></div><a href='#' onClick='toggleBox("stack-trace1708570683", this, "Click to show all stack frames", "Click to hide stack frames")'>Click to show all stack frames</a>
<div class='stack-trace' id='stack-trace1708570683'><pre>org.openqa.selenium.SessionNotCreatedException: Could not start a new session. Response code 400. Message: You have reached 1/1 parallel tests. Try again soon or contact Support to upgrade. 
Host info: host: &apos;MacBook-Pro.local&apos;, ip: &apos;fe80:0:0:0:84a:392:f7f3:7d6d%en0&apos;
Build info: version: &apos;4.13.0&apos;, revision: &apos;ba948ece5b*&apos;
System info: os.name: &apos;Mac OS X&apos;, os.arch: &apos;aarch64&apos;, os.version: &apos;15.5&apos;, java.version: &apos;23.0.2&apos;
Driver info: io.appium.java_client.android.AndroidDriver
Command: [null, newSession {capabilities=[{appium:accessKey=b4202a39-ac70-4a72-98c9-f84b0e338516, appium:app=kobiton-store:654582, appium:autoWebview=true, appium:deviceName=Pixel *, appium:platformVersion=15, appium:username=is.emmanuel.deloitte, browserName=chrome, kobiton:captureScreenshots=true, kobiton:deviceGroup=KOBITON, kobiton:deviceOrientation=portrait, kobiton:retainDurationInSeconds=0, kobiton:sessionDescription=, kobiton:sessionName=Automation test session, kobiton:useConfiguration=, platformName=ANDROID}], desiredCapabilities=Capabilities {appium:accessKey: b4202a39-ac70-4a72-98c9-f84..., appium:app: kobiton-store:654582, appium:autoWebview: true, appium:deviceName: Pixel *, appium:platformVersion: 15, appium:username: is.emmanuel.deloitte, browserName: chrome, kobiton:captureScreenshots: true, kobiton:deviceGroup: KOBITON, kobiton:deviceOrientation: portrait, kobiton:retainDurationInSeconds: 0, kobiton:sessionDescription: , kobiton:sessionName: Automation test session, kobiton:useConfiguration: , platformName: ANDROID}}]
Capabilities {appium:accessKey: b4202a39-ac70-4a72-98c9-f84..., appium:app: kobiton-store:654582, appium:autoWebview: true, appium:deviceName: Pixel *, appium:platformVersion: 15, appium:username: is.emmanuel.deloitte, browserName: chrome, kobiton:captureScreenshots: true, kobiton:deviceGroup: KOBITON, kobiton:deviceOrientation: portrait, kobiton:retainDurationInSeconds: 0, kobiton:sessionDescription: , kobiton:sessionName: Automation test session, kobiton:useConfiguration: , platformName: ANDROID}
	at org.openqa.selenium.remote.ProtocolHandshake.createSession(ProtocolHandshake.java:140)
	at java.base/jdk.internal.reflect.DirectMethodHandleAccessor.invoke(DirectMethodHandleAccessor.java:103)
	at java.base/java.lang.reflect.Method.invoke(Method.java:580)
	at io.appium.java_client.remote.AppiumProtocolHandshake.createSession(AppiumProtocolHandshake.java:133)
	at io.appium.java_client.remote.AppiumProtocolHandshake.createSession(AppiumProtocolHandshake.java:102)
	at io.appium.java_client.remote.AppiumCommandExecutor.createSession(AppiumCommandExecutor.java:182)
	at io.appium.java_client.remote.AppiumCommandExecutor.execute(AppiumCommandExecutor.java:250)
	at org.openqa.selenium.remote.RemoteWebDriver.execute(RemoteWebDriver.java:602)
	at io.appium.java_client.AppiumDriver.startSession(AppiumDriver.java:274)
	at org.openqa.selenium.remote.RemoteWebDriver.&lt;init&gt;(RemoteWebDriver.java:163)
	at io.appium.java_client.AppiumDriver.&lt;init&gt;(AppiumDriver.java:89)
	at io.appium.java_client.AppiumDriver.&lt;init&gt;(AppiumDriver.java:101)
	at io.appium.java_client.android.AndroidDriver.&lt;init&gt;(AndroidDriver.java:113)
	at base.BaseTest.init(BaseTest.java:21)
	at java.base/jdk.internal.reflect.DirectMethodHandleAccessor.invoke(DirectMethodHandleAccessor.java:103)
	at java.base/java.lang.reflect.Method.invoke(Method.java:580)
	at org.testng.internal.invokers.MethodInvocationHelper.invokeMethod(MethodInvocationHelper.java:136)
	at org.testng.internal.invokers.MethodInvocationHelper.invokeMethodConsideringTimeout(MethodInvocationHelper.java:65)
	at org.testng.internal.invokers.ConfigInvoker.invokeConfigurationMethod(ConfigInvoker.java:381)
	at org.testng.internal.invokers.ConfigInvoker.invokeConfigurations(ConfigInvoker.java:319)
	at org.testng.internal.invokers.TestMethodWorker.invokeBeforeClassMethods(TestMethodWorker.java:178)
	at org.testng.internal.invokers.TestMethodWorker.run(TestMethodWorker.java:122)
	at java.base/java.util.ArrayList.forEach(ArrayList.java:1597)
	at org.testng.TestRunner.privateRun(TestRunner.java:808)
	at org.testng.TestRunner.run(TestRunner.java:603)
	at org.testng.SuiteRunner.runTest(SuiteRunner.java:429)
	at org.testng.SuiteRunner.runSequentially(SuiteRunner.java:423)
	at org.testng.SuiteRunner.privateRun(SuiteRunner.java:383)
	at org.testng.SuiteRunner.run(SuiteRunner.java:326)
	at org.testng.SuiteRunnerWorker.runSuite(SuiteRunnerWorker.java:52)
	at org.testng.SuiteRunnerWorker.run(SuiteRunnerWorker.java:95)
	at org.testng.TestNG.runSuitesSequentially(TestNG.java:1249)
	at org.testng.TestNG.runSuitesLocally(TestNG.java:1169)
	at org.testng.TestNG.runSuites(TestNG.java:1092)
	at org.testng.TestNG.run(TestNG.java:1060)
	at org.apache.maven.surefire.testng.TestNGExecutor.run(TestNGExecutor.java:155)
	at org.apache.maven.surefire.testng.TestNGDirectoryTestSuite.executeSingleClass(TestNGDirectoryTestSuite.java:102)
	at org.apache.maven.surefire.testng.TestNGDirectoryTestSuite.execute(TestNGDirectoryTestSuite.java:91)
	at org.apache.maven.surefire.testng.TestNGProvider.invoke(TestNGProvider.java:137)
	at org.apache.maven.surefire.booter.ForkedBooter.runSuitesInProcess(ForkedBooter.java:385)
	at org.apache.maven.surefire.booter.ForkedBooter.execute(ForkedBooter.java:162)
	at org.apache.maven.surefire.booter.ForkedBooter.run(ForkedBooter.java:507)
	at org.apache.maven.surefire.booter.ForkedBooter.main(ForkedBooter.java:495)
</pre></div></td>
<td>9</td>
<td>MainPageTests@20d3d15a</td></tr>
</table><p>
<table width='100%' border='1' class='invocation-skipped'>
<tr><td colspan='4' align='center'><b>SKIPPED CONFIGURATIONS</b></td></tr>
<tr><td><b>Test method</b></td>
<td width="30%"><b>Exception</b></td>
<td width="10%"><b>Time (seconds)</b></td>
<td><b>Instance</b></td>
</tr>
<tr>
<td title='MainPageTests.tearDown()'><b>tearDown</b><br>Test class: MainPageTests</td>
<td></td>
<td>0</td>
<td>MainPageTests@20d3d15a</td></tr>
</table><p>
<table width='100%' border='1' class='invocation-skipped'>
<tr><td colspan='4' align='center'><b>SKIPPED TESTS</b></td></tr>
<tr><td><b>Test method</b></td>
<td width="30%"><b>Exception</b></td>
<td width="10%"><b>Time (seconds)</b></td>
<td><b>Instance</b></td>
</tr>
<tr>
<td title='MainPageTests.assertThatClickingPreferenceOptionOpensPreferencePage()'><b>assertThatClickingPreferenceOptionOpensPreferencePage</b><br>Test class: MainPageTests</td>
<td><div><pre>org.openqa.selenium.SessionNotCreatedException: Could not start a new session. Response code 400. Message: You have reached 1/1 parallel tests. Try again soon or contact Support to upgrade. 
Host info: host: &apos;MacBook-Pro.local&apos;, ip: &apos;fe80:0:0:0:84a:392:f7f3:7d6d%en0&apos;
Build info: version: &apos;4.13.0&apos;, revision: &apos;ba948ece5b*&apos;
System info: os.name: &apos;Mac OS X&apos;, os.arch: &apos;aarch64&apos;, os.version: &apos;15.5&apos;, java.version: &apos;23.0.2&apos;
Driver info: io.appium.java_client.android.AndroidDriver
Command: [null, newSession {capabilities=[{appium:accessKey=b4202a39-ac70-4a72-98c9-f84b0e338516, appium:app=kobiton-store:654582, appium:autoWebview=true, appium:deviceName=Pixel *, appium:platformVersion=15, appium:username=is.emmanuel.deloitte, browserName=chrome, kobiton:captureScreenshots=true, kobiton:deviceGroup=KOBITON, kobiton:deviceOrientation=portrait, kobiton:retainDurationInSeconds=0, kobiton:sessionDescription=, kobiton:sessionName=Automation test session, kobiton:useConfiguration=, platformName=ANDROID}], desiredCapabilities=Capabilities {appium:accessKey: b4202a39-ac70-4a72-98c9-f84..., appium:app: kobiton-store:654582, appium:autoWebview: true, appium:deviceName: Pixel *, appium:platformVersion: 15, appium:username: is.emmanuel.deloitte, browserName: chrome, kobiton:captureScreenshots: true, kobiton:deviceGroup: KOBITON, kobiton:deviceOrientation: portrait, kobiton:retainDurationInSeconds: 0, kobiton:sessionDescription: , kobiton:sessionName: Automation test session, kobiton:useConfiguration: , platformName: ANDROID}}]
Capabilities {appium:accessKey: b4202a39-ac70-4a72-98c9-f84..., appium:app: kobiton-store:654582, appium:autoWebview: true, appium:deviceName: Pixel *, appium:platformVersion: 15, appium:username: is.emmanuel.deloitte, browserName: chrome, kobiton:captureScreenshots: true, kobiton:deviceGroup: KOBITON, kobiton:deviceOrientation: portrait, kobiton:retainDurationInSeconds: 0, kobiton:sessionDescription: , kobiton:sessionName: Automation test session, kobiton:useConfiguration: , platformName: ANDROID}
	at org.openqa.selenium.remote.ProtocolHandshake.createSession(ProtocolHandshake.java:140)
	at io.appium.java_client.remote.AppiumProtocolHandshake.createSession(AppiumProtocolHandshake.java:133)
	at io.appium.java_client.remote.AppiumProtocolHandshake.createSession(AppiumProtocolHandshake.java:102)
	at io.appium.java_client.remote.AppiumCommandExecutor.createSession(AppiumCommandExecutor.java:182)
	at io.appium.java_client.remote.AppiumCommandExecutor.execute(AppiumCommandExecutor.java:250)
	at org.openqa.selenium.remote.RemoteWebDriver.execute(RemoteWebDriver.java:602)
	at io.appium.java_client.AppiumDriver.startSession(AppiumDriver.java:274)
	at org.openqa.selenium.remote.RemoteWebDriver.&lt;init&gt;(RemoteWebDriver.java:163)
	at io.appium.java_client.AppiumDriver.&lt;init&gt;(AppiumDriver.java:89)
	at io.appium.java_client.AppiumDriver.&lt;init&gt;(AppiumDriver.java:101)
	at io.appium.java_client.android.AndroidDriver.&lt;init&gt;(AndroidDriver.java:113)
	at base.BaseTest.init(BaseTest.java:21)
	at java.base/java.util.ArrayList.forEach(ArrayList.java:1597)
... Removed 30 stack frames</pre></div><a href='#' onClick='toggleBox("stack-trace2077662850", this, "Click to show all stack frames", "Click to hide stack frames")'>Click to show all stack frames</a>
<div class='stack-trace' id='stack-trace2077662850'><pre>org.openqa.selenium.SessionNotCreatedException: Could not start a new session. Response code 400. Message: You have reached 1/1 parallel tests. Try again soon or contact Support to upgrade. 
Host info: host: &apos;MacBook-Pro.local&apos;, ip: &apos;fe80:0:0:0:84a:392:f7f3:7d6d%en0&apos;
Build info: version: &apos;4.13.0&apos;, revision: &apos;ba948ece5b*&apos;
System info: os.name: &apos;Mac OS X&apos;, os.arch: &apos;aarch64&apos;, os.version: &apos;15.5&apos;, java.version: &apos;23.0.2&apos;
Driver info: io.appium.java_client.android.AndroidDriver
Command: [null, newSession {capabilities=[{appium:accessKey=b4202a39-ac70-4a72-98c9-f84b0e338516, appium:app=kobiton-store:654582, appium:autoWebview=true, appium:deviceName=Pixel *, appium:platformVersion=15, appium:username=is.emmanuel.deloitte, browserName=chrome, kobiton:captureScreenshots=true, kobiton:deviceGroup=KOBITON, kobiton:deviceOrientation=portrait, kobiton:retainDurationInSeconds=0, kobiton:sessionDescription=, kobiton:sessionName=Automation test session, kobiton:useConfiguration=, platformName=ANDROID}], desiredCapabilities=Capabilities {appium:accessKey: b4202a39-ac70-4a72-98c9-f84..., appium:app: kobiton-store:654582, appium:autoWebview: true, appium:deviceName: Pixel *, appium:platformVersion: 15, appium:username: is.emmanuel.deloitte, browserName: chrome, kobiton:captureScreenshots: true, kobiton:deviceGroup: KOBITON, kobiton:deviceOrientation: portrait, kobiton:retainDurationInSeconds: 0, kobiton:sessionDescription: , kobiton:sessionName: Automation test session, kobiton:useConfiguration: , platformName: ANDROID}}]
Capabilities {appium:accessKey: b4202a39-ac70-4a72-98c9-f84..., appium:app: kobiton-store:654582, appium:autoWebview: true, appium:deviceName: Pixel *, appium:platformVersion: 15, appium:username: is.emmanuel.deloitte, browserName: chrome, kobiton:captureScreenshots: true, kobiton:deviceGroup: KOBITON, kobiton:deviceOrientation: portrait, kobiton:retainDurationInSeconds: 0, kobiton:sessionDescription: , kobiton:sessionName: Automation test session, kobiton:useConfiguration: , platformName: ANDROID}
	at org.openqa.selenium.remote.ProtocolHandshake.createSession(ProtocolHandshake.java:140)
	at java.base/jdk.internal.reflect.DirectMethodHandleAccessor.invoke(DirectMethodHandleAccessor.java:103)
	at java.base/java.lang.reflect.Method.invoke(Method.java:580)
	at io.appium.java_client.remote.AppiumProtocolHandshake.createSession(AppiumProtocolHandshake.java:133)
	at io.appium.java_client.remote.AppiumProtocolHandshake.createSession(AppiumProtocolHandshake.java:102)
	at io.appium.java_client.remote.AppiumCommandExecutor.createSession(AppiumCommandExecutor.java:182)
	at io.appium.java_client.remote.AppiumCommandExecutor.execute(AppiumCommandExecutor.java:250)
	at org.openqa.selenium.remote.RemoteWebDriver.execute(RemoteWebDriver.java:602)
	at io.appium.java_client.AppiumDriver.startSession(AppiumDriver.java:274)
	at org.openqa.selenium.remote.RemoteWebDriver.&lt;init&gt;(RemoteWebDriver.java:163)
	at io.appium.java_client.AppiumDriver.&lt;init&gt;(AppiumDriver.java:89)
	at io.appium.java_client.AppiumDriver.&lt;init&gt;(AppiumDriver.java:101)
	at io.appium.java_client.android.AndroidDriver.&lt;init&gt;(AndroidDriver.java:113)
	at base.BaseTest.init(BaseTest.java:21)
	at java.base/jdk.internal.reflect.DirectMethodHandleAccessor.invoke(DirectMethodHandleAccessor.java:103)
	at java.base/java.lang.reflect.Method.invoke(Method.java:580)
	at org.testng.internal.invokers.MethodInvocationHelper.invokeMethod(MethodInvocationHelper.java:136)
	at org.testng.internal.invokers.MethodInvocationHelper.invokeMethodConsideringTimeout(MethodInvocationHelper.java:65)
	at org.testng.internal.invokers.ConfigInvoker.invokeConfigurationMethod(ConfigInvoker.java:381)
	at org.testng.internal.invokers.ConfigInvoker.invokeConfigurations(ConfigInvoker.java:319)
	at org.testng.internal.invokers.TestMethodWorker.invokeBeforeClassMethods(TestMethodWorker.java:178)
	at org.testng.internal.invokers.TestMethodWorker.run(TestMethodWorker.java:122)
	at java.base/java.util.ArrayList.forEach(ArrayList.java:1597)
	at org.testng.TestRunner.privateRun(TestRunner.java:808)
	at org.testng.TestRunner.run(TestRunner.java:603)
	at org.testng.SuiteRunner.runTest(SuiteRunner.java:429)
	at org.testng.SuiteRunner.runSequentially(SuiteRunner.java:423)
	at org.testng.SuiteRunner.privateRun(SuiteRunner.java:383)
	at org.testng.SuiteRunner.run(SuiteRunner.java:326)
	at org.testng.SuiteRunnerWorker.runSuite(SuiteRunnerWorker.java:52)
	at org.testng.SuiteRunnerWorker.run(SuiteRunnerWorker.java:95)
	at org.testng.TestNG.runSuitesSequentially(TestNG.java:1249)
	at org.testng.TestNG.runSuitesLocally(TestNG.java:1169)
	at org.testng.TestNG.runSuites(TestNG.java:1092)
	at org.testng.TestNG.run(TestNG.java:1060)
	at org.apache.maven.surefire.testng.TestNGExecutor.run(TestNGExecutor.java:155)
	at org.apache.maven.surefire.testng.TestNGDirectoryTestSuite.executeSingleClass(TestNGDirectoryTestSuite.java:102)
	at org.apache.maven.surefire.testng.TestNGDirectoryTestSuite.execute(TestNGDirectoryTestSuite.java:91)
	at org.apache.maven.surefire.testng.TestNGProvider.invoke(TestNGProvider.java:137)
	at org.apache.maven.surefire.booter.ForkedBooter.runSuitesInProcess(ForkedBooter.java:385)
	at org.apache.maven.surefire.booter.ForkedBooter.execute(ForkedBooter.java:162)
	at org.apache.maven.surefire.booter.ForkedBooter.run(ForkedBooter.java:507)
	at org.apache.maven.surefire.booter.ForkedBooter.main(ForkedBooter.java:495)
</pre></div></td>
<td>0</td>
<td>MainPageTests@20d3d15a</td></tr>
<tr>
<td title='MainPageTests.assertPreferenceOptionIsDisplayed()'><b>assertPreferenceOptionIsDisplayed</b><br>Test class: MainPageTests</td>
<td><div><pre>org.openqa.selenium.SessionNotCreatedException: Could not start a new session. Response code 400. Message: You have reached 1/1 parallel tests. Try again soon or contact Support to upgrade. 
Host info: host: &apos;MacBook-Pro.local&apos;, ip: &apos;fe80:0:0:0:84a:392:f7f3:7d6d%en0&apos;
Build info: version: &apos;4.13.0&apos;, revision: &apos;ba948ece5b*&apos;
System info: os.name: &apos;Mac OS X&apos;, os.arch: &apos;aarch64&apos;, os.version: &apos;15.5&apos;, java.version: &apos;23.0.2&apos;
Driver info: io.appium.java_client.android.AndroidDriver
Command: [null, newSession {capabilities=[{appium:accessKey=b4202a39-ac70-4a72-98c9-f84b0e338516, appium:app=kobiton-store:654582, appium:autoWebview=true, appium:deviceName=Pixel *, appium:platformVersion=15, appium:username=is.emmanuel.deloitte, browserName=chrome, kobiton:captureScreenshots=true, kobiton:deviceGroup=KOBITON, kobiton:deviceOrientation=portrait, kobiton:retainDurationInSeconds=0, kobiton:sessionDescription=, kobiton:sessionName=Automation test session, kobiton:useConfiguration=, platformName=ANDROID}], desiredCapabilities=Capabilities {appium:accessKey: b4202a39-ac70-4a72-98c9-f84..., appium:app: kobiton-store:654582, appium:autoWebview: true, appium:deviceName: Pixel *, appium:platformVersion: 15, appium:username: is.emmanuel.deloitte, browserName: chrome, kobiton:captureScreenshots: true, kobiton:deviceGroup: KOBITON, kobiton:deviceOrientation: portrait, kobiton:retainDurationInSeconds: 0, kobiton:sessionDescription: , kobiton:sessionName: Automation test session, kobiton:useConfiguration: , platformName: ANDROID}}]
Capabilities {appium:accessKey: b4202a39-ac70-4a72-98c9-f84..., appium:app: kobiton-store:654582, appium:autoWebview: true, appium:deviceName: Pixel *, appium:platformVersion: 15, appium:username: is.emmanuel.deloitte, browserName: chrome, kobiton:captureScreenshots: true, kobiton:deviceGroup: KOBITON, kobiton:deviceOrientation: portrait, kobiton:retainDurationInSeconds: 0, kobiton:sessionDescription: , kobiton:sessionName: Automation test session, kobiton:useConfiguration: , platformName: ANDROID}
	at org.openqa.selenium.remote.ProtocolHandshake.createSession(ProtocolHandshake.java:140)
	at io.appium.java_client.remote.AppiumProtocolHandshake.createSession(AppiumProtocolHandshake.java:133)
	at io.appium.java_client.remote.AppiumProtocolHandshake.createSession(AppiumProtocolHandshake.java:102)
	at io.appium.java_client.remote.AppiumCommandExecutor.createSession(AppiumCommandExecutor.java:182)
	at io.appium.java_client.remote.AppiumCommandExecutor.execute(AppiumCommandExecutor.java:250)
	at org.openqa.selenium.remote.RemoteWebDriver.execute(RemoteWebDriver.java:602)
	at io.appium.java_client.AppiumDriver.startSession(AppiumDriver.java:274)
	at org.openqa.selenium.remote.RemoteWebDriver.&lt;init&gt;(RemoteWebDriver.java:163)
	at io.appium.java_client.AppiumDriver.&lt;init&gt;(AppiumDriver.java:89)
	at io.appium.java_client.AppiumDriver.&lt;init&gt;(AppiumDriver.java:101)
	at io.appium.java_client.android.AndroidDriver.&lt;init&gt;(AndroidDriver.java:113)
	at base.BaseTest.init(BaseTest.java:21)
	at java.base/java.util.ArrayList.forEach(ArrayList.java:1597)
... Removed 30 stack frames</pre></div><a href='#' onClick='toggleBox("stack-trace740467528", this, "Click to show all stack frames", "Click to hide stack frames")'>Click to show all stack frames</a>
<div class='stack-trace' id='stack-trace740467528'><pre>org.openqa.selenium.SessionNotCreatedException: Could not start a new session. Response code 400. Message: You have reached 1/1 parallel tests. Try again soon or contact Support to upgrade. 
Host info: host: &apos;MacBook-Pro.local&apos;, ip: &apos;fe80:0:0:0:84a:392:f7f3:7d6d%en0&apos;
Build info: version: &apos;4.13.0&apos;, revision: &apos;ba948ece5b*&apos;
System info: os.name: &apos;Mac OS X&apos;, os.arch: &apos;aarch64&apos;, os.version: &apos;15.5&apos;, java.version: &apos;23.0.2&apos;
Driver info: io.appium.java_client.android.AndroidDriver
Command: [null, newSession {capabilities=[{appium:accessKey=b4202a39-ac70-4a72-98c9-f84b0e338516, appium:app=kobiton-store:654582, appium:autoWebview=true, appium:deviceName=Pixel *, appium:platformVersion=15, appium:username=is.emmanuel.deloitte, browserName=chrome, kobiton:captureScreenshots=true, kobiton:deviceGroup=KOBITON, kobiton:deviceOrientation=portrait, kobiton:retainDurationInSeconds=0, kobiton:sessionDescription=, kobiton:sessionName=Automation test session, kobiton:useConfiguration=, platformName=ANDROID}], desiredCapabilities=Capabilities {appium:accessKey: b4202a39-ac70-4a72-98c9-f84..., appium:app: kobiton-store:654582, appium:autoWebview: true, appium:deviceName: Pixel *, appium:platformVersion: 15, appium:username: is.emmanuel.deloitte, browserName: chrome, kobiton:captureScreenshots: true, kobiton:deviceGroup: KOBITON, kobiton:deviceOrientation: portrait, kobiton:retainDurationInSeconds: 0, kobiton:sessionDescription: , kobiton:sessionName: Automation test session, kobiton:useConfiguration: , platformName: ANDROID}}]
Capabilities {appium:accessKey: b4202a39-ac70-4a72-98c9-f84..., appium:app: kobiton-store:654582, appium:autoWebview: true, appium:deviceName: Pixel *, appium:platformVersion: 15, appium:username: is.emmanuel.deloitte, browserName: chrome, kobiton:captureScreenshots: true, kobiton:deviceGroup: KOBITON, kobiton:deviceOrientation: portrait, kobiton:retainDurationInSeconds: 0, kobiton:sessionDescription: , kobiton:sessionName: Automation test session, kobiton:useConfiguration: , platformName: ANDROID}
	at org.openqa.selenium.remote.ProtocolHandshake.createSession(ProtocolHandshake.java:140)
	at java.base/jdk.internal.reflect.DirectMethodHandleAccessor.invoke(DirectMethodHandleAccessor.java:103)
	at java.base/java.lang.reflect.Method.invoke(Method.java:580)
	at io.appium.java_client.remote.AppiumProtocolHandshake.createSession(AppiumProtocolHandshake.java:133)
	at io.appium.java_client.remote.AppiumProtocolHandshake.createSession(AppiumProtocolHandshake.java:102)
	at io.appium.java_client.remote.AppiumCommandExecutor.createSession(AppiumCommandExecutor.java:182)
	at io.appium.java_client.remote.AppiumCommandExecutor.execute(AppiumCommandExecutor.java:250)
	at org.openqa.selenium.remote.RemoteWebDriver.execute(RemoteWebDriver.java:602)
	at io.appium.java_client.AppiumDriver.startSession(AppiumDriver.java:274)
	at org.openqa.selenium.remote.RemoteWebDriver.&lt;init&gt;(RemoteWebDriver.java:163)
	at io.appium.java_client.AppiumDriver.&lt;init&gt;(AppiumDriver.java:89)
	at io.appium.java_client.AppiumDriver.&lt;init&gt;(AppiumDriver.java:101)
	at io.appium.java_client.android.AndroidDriver.&lt;init&gt;(AndroidDriver.java:113)
	at base.BaseTest.init(BaseTest.java:21)
	at java.base/jdk.internal.reflect.DirectMethodHandleAccessor.invoke(DirectMethodHandleAccessor.java:103)
	at java.base/java.lang.reflect.Method.invoke(Method.java:580)
	at org.testng.internal.invokers.MethodInvocationHelper.invokeMethod(MethodInvocationHelper.java:136)
	at org.testng.internal.invokers.MethodInvocationHelper.invokeMethodConsideringTimeout(MethodInvocationHelper.java:65)
	at org.testng.internal.invokers.ConfigInvoker.invokeConfigurationMethod(ConfigInvoker.java:381)
	at org.testng.internal.invokers.ConfigInvoker.invokeConfigurations(ConfigInvoker.java:319)
	at org.testng.internal.invokers.TestMethodWorker.invokeBeforeClassMethods(TestMethodWorker.java:178)
	at org.testng.internal.invokers.TestMethodWorker.run(TestMethodWorker.java:122)
	at java.base/java.util.ArrayList.forEach(ArrayList.java:1597)
	at org.testng.TestRunner.privateRun(TestRunner.java:808)
	at org.testng.TestRunner.run(TestRunner.java:603)
	at org.testng.SuiteRunner.runTest(SuiteRunner.java:429)
	at org.testng.SuiteRunner.runSequentially(SuiteRunner.java:423)
	at org.testng.SuiteRunner.privateRun(SuiteRunner.java:383)
	at org.testng.SuiteRunner.run(SuiteRunner.java:326)
	at org.testng.SuiteRunnerWorker.runSuite(SuiteRunnerWorker.java:52)
	at org.testng.SuiteRunnerWorker.run(SuiteRunnerWorker.java:95)
	at org.testng.TestNG.runSuitesSequentially(TestNG.java:1249)
	at org.testng.TestNG.runSuitesLocally(TestNG.java:1169)
	at org.testng.TestNG.runSuites(TestNG.java:1092)
	at org.testng.TestNG.run(TestNG.java:1060)
	at org.apache.maven.surefire.testng.TestNGExecutor.run(TestNGExecutor.java:155)
	at org.apache.maven.surefire.testng.TestNGDirectoryTestSuite.executeSingleClass(TestNGDirectoryTestSuite.java:102)
	at org.apache.maven.surefire.testng.TestNGDirectoryTestSuite.execute(TestNGDirectoryTestSuite.java:91)
	at org.apache.maven.surefire.testng.TestNGProvider.invoke(TestNGProvider.java:137)
	at org.apache.maven.surefire.booter.ForkedBooter.runSuitesInProcess(ForkedBooter.java:385)
	at org.apache.maven.surefire.booter.ForkedBooter.execute(ForkedBooter.java:162)
	at org.apache.maven.surefire.booter.ForkedBooter.run(ForkedBooter.java:507)
	at org.apache.maven.surefire.booter.ForkedBooter.main(ForkedBooter.java:495)
</pre></div></td>
<td>0</td>
<td>MainPageTests@20d3d15a</td></tr>
<tr>
<td title='MainPageTests.assertThatOnPreferenceScreenPreferenceDependenciesOptionIsDisplayed()'><b>assertThatOnPreferenceScreenPreferenceDependenciesOptionIsDisplayed</b><br>Test class: MainPageTests</td>
<td><div><pre>org.openqa.selenium.SessionNotCreatedException: Could not start a new session. Response code 400. Message: You have reached 1/1 parallel tests. Try again soon or contact Support to upgrade. 
Host info: host: &apos;MacBook-Pro.local&apos;, ip: &apos;fe80:0:0:0:84a:392:f7f3:7d6d%en0&apos;
Build info: version: &apos;4.13.0&apos;, revision: &apos;ba948ece5b*&apos;
System info: os.name: &apos;Mac OS X&apos;, os.arch: &apos;aarch64&apos;, os.version: &apos;15.5&apos;, java.version: &apos;23.0.2&apos;
Driver info: io.appium.java_client.android.AndroidDriver
Command: [null, newSession {capabilities=[{appium:accessKey=b4202a39-ac70-4a72-98c9-f84b0e338516, appium:app=kobiton-store:654582, appium:autoWebview=true, appium:deviceName=Pixel *, appium:platformVersion=15, appium:username=is.emmanuel.deloitte, browserName=chrome, kobiton:captureScreenshots=true, kobiton:deviceGroup=KOBITON, kobiton:deviceOrientation=portrait, kobiton:retainDurationInSeconds=0, kobiton:sessionDescription=, kobiton:sessionName=Automation test session, kobiton:useConfiguration=, platformName=ANDROID}], desiredCapabilities=Capabilities {appium:accessKey: b4202a39-ac70-4a72-98c9-f84..., appium:app: kobiton-store:654582, appium:autoWebview: true, appium:deviceName: Pixel *, appium:platformVersion: 15, appium:username: is.emmanuel.deloitte, browserName: chrome, kobiton:captureScreenshots: true, kobiton:deviceGroup: KOBITON, kobiton:deviceOrientation: portrait, kobiton:retainDurationInSeconds: 0, kobiton:sessionDescription: , kobiton:sessionName: Automation test session, kobiton:useConfiguration: , platformName: ANDROID}}]
Capabilities {appium:accessKey: b4202a39-ac70-4a72-98c9-f84..., appium:app: kobiton-store:654582, appium:autoWebview: true, appium:deviceName: Pixel *, appium:platformVersion: 15, appium:username: is.emmanuel.deloitte, browserName: chrome, kobiton:captureScreenshots: true, kobiton:deviceGroup: KOBITON, kobiton:deviceOrientation: portrait, kobiton:retainDurationInSeconds: 0, kobiton:sessionDescription: , kobiton:sessionName: Automation test session, kobiton:useConfiguration: , platformName: ANDROID}
	at org.openqa.selenium.remote.ProtocolHandshake.createSession(ProtocolHandshake.java:140)
	at io.appium.java_client.remote.AppiumProtocolHandshake.createSession(AppiumProtocolHandshake.java:133)
	at io.appium.java_client.remote.AppiumProtocolHandshake.createSession(AppiumProtocolHandshake.java:102)
	at io.appium.java_client.remote.AppiumCommandExecutor.createSession(AppiumCommandExecutor.java:182)
	at io.appium.java_client.remote.AppiumCommandExecutor.execute(AppiumCommandExecutor.java:250)
	at org.openqa.selenium.remote.RemoteWebDriver.execute(RemoteWebDriver.java:602)
	at io.appium.java_client.AppiumDriver.startSession(AppiumDriver.java:274)
	at org.openqa.selenium.remote.RemoteWebDriver.&lt;init&gt;(RemoteWebDriver.java:163)
	at io.appium.java_client.AppiumDriver.&lt;init&gt;(AppiumDriver.java:89)
	at io.appium.java_client.AppiumDriver.&lt;init&gt;(AppiumDriver.java:101)
	at io.appium.java_client.android.AndroidDriver.&lt;init&gt;(AndroidDriver.java:113)
	at base.BaseTest.init(BaseTest.java:21)
	at java.base/java.util.ArrayList.forEach(ArrayList.java:1597)
... Removed 30 stack frames</pre></div><a href='#' onClick='toggleBox("stack-trace1960253514", this, "Click to show all stack frames", "Click to hide stack frames")'>Click to show all stack frames</a>
<div class='stack-trace' id='stack-trace1960253514'><pre>org.openqa.selenium.SessionNotCreatedException: Could not start a new session. Response code 400. Message: You have reached 1/1 parallel tests. Try again soon or contact Support to upgrade. 
Host info: host: &apos;MacBook-Pro.local&apos;, ip: &apos;fe80:0:0:0:84a:392:f7f3:7d6d%en0&apos;
Build info: version: &apos;4.13.0&apos;, revision: &apos;ba948ece5b*&apos;
System info: os.name: &apos;Mac OS X&apos;, os.arch: &apos;aarch64&apos;, os.version: &apos;15.5&apos;, java.version: &apos;23.0.2&apos;
Driver info: io.appium.java_client.android.AndroidDriver
Command: [null, newSession {capabilities=[{appium:accessKey=b4202a39-ac70-4a72-98c9-f84b0e338516, appium:app=kobiton-store:654582, appium:autoWebview=true, appium:deviceName=Pixel *, appium:platformVersion=15, appium:username=is.emmanuel.deloitte, browserName=chrome, kobiton:captureScreenshots=true, kobiton:deviceGroup=KOBITON, kobiton:deviceOrientation=portrait, kobiton:retainDurationInSeconds=0, kobiton:sessionDescription=, kobiton:sessionName=Automation test session, kobiton:useConfiguration=, platformName=ANDROID}], desiredCapabilities=Capabilities {appium:accessKey: b4202a39-ac70-4a72-98c9-f84..., appium:app: kobiton-store:654582, appium:autoWebview: true, appium:deviceName: Pixel *, appium:platformVersion: 15, appium:username: is.emmanuel.deloitte, browserName: chrome, kobiton:captureScreenshots: true, kobiton:deviceGroup: KOBITON, kobiton:deviceOrientation: portrait, kobiton:retainDurationInSeconds: 0, kobiton:sessionDescription: , kobiton:sessionName: Automation test session, kobiton:useConfiguration: , platformName: ANDROID}}]
Capabilities {appium:accessKey: b4202a39-ac70-4a72-98c9-f84..., appium:app: kobiton-store:654582, appium:autoWebview: true, appium:deviceName: Pixel *, appium:platformVersion: 15, appium:username: is.emmanuel.deloitte, browserName: chrome, kobiton:captureScreenshots: true, kobiton:deviceGroup: KOBITON, kobiton:deviceOrientation: portrait, kobiton:retainDurationInSeconds: 0, kobiton:sessionDescription: , kobiton:sessionName: Automation test session, kobiton:useConfiguration: , platformName: ANDROID}
	at org.openqa.selenium.remote.ProtocolHandshake.createSession(ProtocolHandshake.java:140)
	at java.base/jdk.internal.reflect.DirectMethodHandleAccessor.invoke(DirectMethodHandleAccessor.java:103)
	at java.base/java.lang.reflect.Method.invoke(Method.java:580)
	at io.appium.java_client.remote.AppiumProtocolHandshake.createSession(AppiumProtocolHandshake.java:133)
	at io.appium.java_client.remote.AppiumProtocolHandshake.createSession(AppiumProtocolHandshake.java:102)
	at io.appium.java_client.remote.AppiumCommandExecutor.createSession(AppiumCommandExecutor.java:182)
	at io.appium.java_client.remote.AppiumCommandExecutor.execute(AppiumCommandExecutor.java:250)
	at org.openqa.selenium.remote.RemoteWebDriver.execute(RemoteWebDriver.java:602)
	at io.appium.java_client.AppiumDriver.startSession(AppiumDriver.java:274)
	at org.openqa.selenium.remote.RemoteWebDriver.&lt;init&gt;(RemoteWebDriver.java:163)
	at io.appium.java_client.AppiumDriver.&lt;init&gt;(AppiumDriver.java:89)
	at io.appium.java_client.AppiumDriver.&lt;init&gt;(AppiumDriver.java:101)
	at io.appium.java_client.android.AndroidDriver.&lt;init&gt;(AndroidDriver.java:113)
	at base.BaseTest.init(BaseTest.java:21)
	at java.base/jdk.internal.reflect.DirectMethodHandleAccessor.invoke(DirectMethodHandleAccessor.java:103)
	at java.base/java.lang.reflect.Method.invoke(Method.java:580)
	at org.testng.internal.invokers.MethodInvocationHelper.invokeMethod(MethodInvocationHelper.java:136)
	at org.testng.internal.invokers.MethodInvocationHelper.invokeMethodConsideringTimeout(MethodInvocationHelper.java:65)
	at org.testng.internal.invokers.ConfigInvoker.invokeConfigurationMethod(ConfigInvoker.java:381)
	at org.testng.internal.invokers.ConfigInvoker.invokeConfigurations(ConfigInvoker.java:319)
	at org.testng.internal.invokers.TestMethodWorker.invokeBeforeClassMethods(TestMethodWorker.java:178)
	at org.testng.internal.invokers.TestMethodWorker.run(TestMethodWorker.java:122)
	at java.base/java.util.ArrayList.forEach(ArrayList.java:1597)
	at org.testng.TestRunner.privateRun(TestRunner.java:808)
	at org.testng.TestRunner.run(TestRunner.java:603)
	at org.testng.SuiteRunner.runTest(SuiteRunner.java:429)
	at org.testng.SuiteRunner.runSequentially(SuiteRunner.java:423)
	at org.testng.SuiteRunner.privateRun(SuiteRunner.java:383)
	at org.testng.SuiteRunner.run(SuiteRunner.java:326)
	at org.testng.SuiteRunnerWorker.runSuite(SuiteRunnerWorker.java:52)
	at org.testng.SuiteRunnerWorker.run(SuiteRunnerWorker.java:95)
	at org.testng.TestNG.runSuitesSequentially(TestNG.java:1249)
	at org.testng.TestNG.runSuitesLocally(TestNG.java:1169)
	at org.testng.TestNG.runSuites(TestNG.java:1092)
	at org.testng.TestNG.run(TestNG.java:1060)
	at org.apache.maven.surefire.testng.TestNGExecutor.run(TestNGExecutor.java:155)
	at org.apache.maven.surefire.testng.TestNGDirectoryTestSuite.executeSingleClass(TestNGDirectoryTestSuite.java:102)
	at org.apache.maven.surefire.testng.TestNGDirectoryTestSuite.execute(TestNGDirectoryTestSuite.java:91)
	at org.apache.maven.surefire.testng.TestNGProvider.invoke(TestNGProvider.java:137)
	at org.apache.maven.surefire.booter.ForkedBooter.runSuitesInProcess(ForkedBooter.java:385)
	at org.apache.maven.surefire.booter.ForkedBooter.execute(ForkedBooter.java:162)
	at org.apache.maven.surefire.booter.ForkedBooter.run(ForkedBooter.java:507)
	at org.apache.maven.surefire.booter.ForkedBooter.main(ForkedBooter.java:495)
</pre></div></td>
<td>0</td>
<td>MainPageTests@20d3d15a</td></tr>
</table><p>
</body>
</html>