<?xml version="1.0" encoding="UTF-8"?>
<testng-results ignored="0" total="3" passed="0" failed="0" skipped="3">
  <reporter-output>
  </reporter-output>
  <suite started-at="2025-06-12T16:34:32 CST" name="Surefire suite" finished-at="2025-06-12T16:34:41 CST" duration-ms="8630">
    <groups>
    </groups>
    <test started-at="2025-06-12T16:34:32 CST" name="Surefire test" finished-at="2025-06-12T16:34:41 CST" duration-ms="8630">
      <class name="MainPageTests">
        <test-method is-config="true" signature="init()[pri:0, instance:MainPageTests@20d3d15a]" started-at="2025-06-12T16:34:32 CST" name="init" finished-at="2025-06-12T16:34:41 CST" duration-ms="8609" status="FAIL">
          <exception class="org.openqa.selenium.SessionNotCreatedException">
            <message>
              <![CDATA[Could not start a new session. Response code 400. Message: You have reached 1/1 parallel tests. Try again soon or contact Support to upgrade. 
Host info: host: 'MacBook-Pro.local', ip: 'fe80:0:0:0:84a:392:f7f3:7d6d%en0'
Build info: version: '4.13.0', revision: 'ba948ece5b*'
System info: os.name: 'Mac OS X', os.arch: 'aarch64', os.version: '15.5', java.version: '23.0.2'
Driver info: io.appium.java_client.android.AndroidDriver
Command: [null, newSession {capabilities=[{appium:accessKey=b4202a39-ac70-4a72-98c9-f84b0e338516, appium:app=kobiton-store:654582, appium:autoWebview=true, appium:deviceName=Pixel *, appium:platformVersion=15, appium:username=is.emmanuel.deloitte, browserName=chrome, kobiton:captureScreenshots=true, kobiton:deviceGroup=KOBITON, kobiton:deviceOrientation=portrait, kobiton:retainDurationInSeconds=0, kobiton:sessionDescription=, kobiton:sessionName=Automation test session, kobiton:useConfiguration=, platformName=ANDROID}], desiredCapabilities=Capabilities {appium:accessKey: b4202a39-ac70-4a72-98c9-f84..., appium:app: kobiton-store:654582, appium:autoWebview: true, appium:deviceName: Pixel *, appium:platformVersion: 15, appium:username: is.emmanuel.deloitte, browserName: chrome, kobiton:captureScreenshots: true, kobiton:deviceGroup: KOBITON, kobiton:deviceOrientation: portrait, kobiton:retainDurationInSeconds: 0, kobiton:sessionDescription: , kobiton:sessionName: Automation test session, kobiton:useConfiguration: , platformName: ANDROID}}]
Capabilities {appium:accessKey: b4202a39-ac70-4a72-98c9-f84..., appium:app: kobiton-store:654582, appium:autoWebview: true, appium:deviceName: Pixel *, appium:platformVersion: 15, appium:username: is.emmanuel.deloitte, browserName: chrome, kobiton:captureScreenshots: true, kobiton:deviceGroup: KOBITON, kobiton:deviceOrientation: portrait, kobiton:retainDurationInSeconds: 0, kobiton:sessionDescription: , kobiton:sessionName: Automation test session, kobiton:useConfiguration: , platformName: ANDROID}]]>
            </message>
            <full-stacktrace>
              <![CDATA[org.openqa.selenium.SessionNotCreatedException: Could not start a new session. Response code 400. Message: You have reached 1/1 parallel tests. Try again soon or contact Support to upgrade. 
Host info: host: 'MacBook-Pro.local', ip: 'fe80:0:0:0:84a:392:f7f3:7d6d%en0'
Build info: version: '4.13.0', revision: 'ba948ece5b*'
System info: os.name: 'Mac OS X', os.arch: 'aarch64', os.version: '15.5', java.version: '23.0.2'
Driver info: io.appium.java_client.android.AndroidDriver
Command: [null, newSession {capabilities=[{appium:accessKey=b4202a39-ac70-4a72-98c9-f84b0e338516, appium:app=kobiton-store:654582, appium:autoWebview=true, appium:deviceName=Pixel *, appium:platformVersion=15, appium:username=is.emmanuel.deloitte, browserName=chrome, kobiton:captureScreenshots=true, kobiton:deviceGroup=KOBITON, kobiton:deviceOrientation=portrait, kobiton:retainDurationInSeconds=0, kobiton:sessionDescription=, kobiton:sessionName=Automation test session, kobiton:useConfiguration=, platformName=ANDROID}], desiredCapabilities=Capabilities {appium:accessKey: b4202a39-ac70-4a72-98c9-f84..., appium:app: kobiton-store:654582, appium:autoWebview: true, appium:deviceName: Pixel *, appium:platformVersion: 15, appium:username: is.emmanuel.deloitte, browserName: chrome, kobiton:captureScreenshots: true, kobiton:deviceGroup: KOBITON, kobiton:deviceOrientation: portrait, kobiton:retainDurationInSeconds: 0, kobiton:sessionDescription: , kobiton:sessionName: Automation test session, kobiton:useConfiguration: , platformName: ANDROID}}]
Capabilities {appium:accessKey: b4202a39-ac70-4a72-98c9-f84..., appium:app: kobiton-store:654582, appium:autoWebview: true, appium:deviceName: Pixel *, appium:platformVersion: 15, appium:username: is.emmanuel.deloitte, browserName: chrome, kobiton:captureScreenshots: true, kobiton:deviceGroup: KOBITON, kobiton:deviceOrientation: portrait, kobiton:retainDurationInSeconds: 0, kobiton:sessionDescription: , kobiton:sessionName: Automation test session, kobiton:useConfiguration: , platformName: ANDROID}
at org.openqa.selenium.remote.ProtocolHandshake.createSession(ProtocolHandshake.java:140)
at java.base/jdk.internal.reflect.DirectMethodHandleAccessor.invoke(DirectMethodHandleAccessor.java:103)
at java.base/java.lang.reflect.Method.invoke(Method.java:580)
at io.appium.java_client.remote.AppiumProtocolHandshake.createSession(AppiumProtocolHandshake.java:133)
at io.appium.java_client.remote.AppiumProtocolHandshake.createSession(AppiumProtocolHandshake.java:102)
at io.appium.java_client.remote.AppiumCommandExecutor.createSession(AppiumCommandExecutor.java:182)
at io.appium.java_client.remote.AppiumCommandExecutor.execute(AppiumCommandExecutor.java:250)
at org.openqa.selenium.remote.RemoteWebDriver.execute(RemoteWebDriver.java:602)
at io.appium.java_client.AppiumDriver.startSession(AppiumDriver.java:274)
at org.openqa.selenium.remote.RemoteWebDriver.<init>(RemoteWebDriver.java:163)
at io.appium.java_client.AppiumDriver.<init>(AppiumDriver.java:89)
at io.appium.java_client.AppiumDriver.<init>(AppiumDriver.java:101)
at io.appium.java_client.android.AndroidDriver.<init>(AndroidDriver.java:113)
at base.BaseTest.init(BaseTest.java:21)
at java.base/jdk.internal.reflect.DirectMethodHandleAccessor.invoke(DirectMethodHandleAccessor.java:103)
at java.base/java.lang.reflect.Method.invoke(Method.java:580)
at org.testng.internal.invokers.MethodInvocationHelper.invokeMethod(MethodInvocationHelper.java:136)
at org.testng.internal.invokers.MethodInvocationHelper.invokeMethodConsideringTimeout(MethodInvocationHelper.java:65)
at org.testng.internal.invokers.ConfigInvoker.invokeConfigurationMethod(ConfigInvoker.java:381)
at org.testng.internal.invokers.ConfigInvoker.invokeConfigurations(ConfigInvoker.java:319)
at org.testng.internal.invokers.TestMethodWorker.invokeBeforeClassMethods(TestMethodWorker.java:178)
at org.testng.internal.invokers.TestMethodWorker.run(TestMethodWorker.java:122)
at java.base/java.util.ArrayList.forEach(ArrayList.java:1597)
at org.testng.TestRunner.privateRun(TestRunner.java:808)
at org.testng.TestRunner.run(TestRunner.java:603)
at org.testng.SuiteRunner.runTest(SuiteRunner.java:429)
at org.testng.SuiteRunner.runSequentially(SuiteRunner.java:423)
at org.testng.SuiteRunner.privateRun(SuiteRunner.java:383)
at org.testng.SuiteRunner.run(SuiteRunner.java:326)
at org.testng.SuiteRunnerWorker.runSuite(SuiteRunnerWorker.java:52)
at org.testng.SuiteRunnerWorker.run(SuiteRunnerWorker.java:95)
at org.testng.TestNG.runSuitesSequentially(TestNG.java:1249)
at org.testng.TestNG.runSuitesLocally(TestNG.java:1169)
at org.testng.TestNG.runSuites(TestNG.java:1092)
at org.testng.TestNG.run(TestNG.java:1060)
at org.apache.maven.surefire.testng.TestNGExecutor.run(TestNGExecutor.java:155)
at org.apache.maven.surefire.testng.TestNGDirectoryTestSuite.executeMulti(TestNGDirectoryTestSuite.java:169)
at org.apache.maven.surefire.testng.TestNGDirectoryTestSuite.execute(TestNGDirectoryTestSuite.java:88)
at org.apache.maven.surefire.testng.TestNGProvider.invoke(TestNGProvider.java:137)
at org.apache.maven.surefire.booter.ForkedBooter.runSuitesInProcess(ForkedBooter.java:385)
at org.apache.maven.surefire.booter.ForkedBooter.execute(ForkedBooter.java:162)
at org.apache.maven.surefire.booter.ForkedBooter.run(ForkedBooter.java:507)
at org.apache.maven.surefire.booter.ForkedBooter.main(ForkedBooter.java:495)
]]>
            </full-stacktrace>
          </exception> <!-- org.openqa.selenium.SessionNotCreatedException -->
          <reporter-output>
          </reporter-output>
        </test-method> <!-- init -->
        <test-method signature="assertPreferenceOptionIsDisplayed()[pri:0, instance:MainPageTests@20d3d15a]" started-at="2025-06-12T16:34:41 CST" name="assertPreferenceOptionIsDisplayed" finished-at="2025-06-12T16:34:41 CST" duration-ms="0" status="SKIP">
          <exception class="org.openqa.selenium.SessionNotCreatedException">
            <message>
              <![CDATA[Could not start a new session. Response code 400. Message: You have reached 1/1 parallel tests. Try again soon or contact Support to upgrade. 
Host info: host: 'MacBook-Pro.local', ip: 'fe80:0:0:0:84a:392:f7f3:7d6d%en0'
Build info: version: '4.13.0', revision: 'ba948ece5b*'
System info: os.name: 'Mac OS X', os.arch: 'aarch64', os.version: '15.5', java.version: '23.0.2'
Driver info: io.appium.java_client.android.AndroidDriver
Command: [null, newSession {capabilities=[{appium:accessKey=b4202a39-ac70-4a72-98c9-f84b0e338516, appium:app=kobiton-store:654582, appium:autoWebview=true, appium:deviceName=Pixel *, appium:platformVersion=15, appium:username=is.emmanuel.deloitte, browserName=chrome, kobiton:captureScreenshots=true, kobiton:deviceGroup=KOBITON, kobiton:deviceOrientation=portrait, kobiton:retainDurationInSeconds=0, kobiton:sessionDescription=, kobiton:sessionName=Automation test session, kobiton:useConfiguration=, platformName=ANDROID}], desiredCapabilities=Capabilities {appium:accessKey: b4202a39-ac70-4a72-98c9-f84..., appium:app: kobiton-store:654582, appium:autoWebview: true, appium:deviceName: Pixel *, appium:platformVersion: 15, appium:username: is.emmanuel.deloitte, browserName: chrome, kobiton:captureScreenshots: true, kobiton:deviceGroup: KOBITON, kobiton:deviceOrientation: portrait, kobiton:retainDurationInSeconds: 0, kobiton:sessionDescription: , kobiton:sessionName: Automation test session, kobiton:useConfiguration: , platformName: ANDROID}}]
Capabilities {appium:accessKey: b4202a39-ac70-4a72-98c9-f84..., appium:app: kobiton-store:654582, appium:autoWebview: true, appium:deviceName: Pixel *, appium:platformVersion: 15, appium:username: is.emmanuel.deloitte, browserName: chrome, kobiton:captureScreenshots: true, kobiton:deviceGroup: KOBITON, kobiton:deviceOrientation: portrait, kobiton:retainDurationInSeconds: 0, kobiton:sessionDescription: , kobiton:sessionName: Automation test session, kobiton:useConfiguration: , platformName: ANDROID}]]>
            </message>
            <full-stacktrace>
              <![CDATA[org.openqa.selenium.SessionNotCreatedException: Could not start a new session. Response code 400. Message: You have reached 1/1 parallel tests. Try again soon or contact Support to upgrade. 
Host info: host: 'MacBook-Pro.local', ip: 'fe80:0:0:0:84a:392:f7f3:7d6d%en0'
Build info: version: '4.13.0', revision: 'ba948ece5b*'
System info: os.name: 'Mac OS X', os.arch: 'aarch64', os.version: '15.5', java.version: '23.0.2'
Driver info: io.appium.java_client.android.AndroidDriver
Command: [null, newSession {capabilities=[{appium:accessKey=b4202a39-ac70-4a72-98c9-f84b0e338516, appium:app=kobiton-store:654582, appium:autoWebview=true, appium:deviceName=Pixel *, appium:platformVersion=15, appium:username=is.emmanuel.deloitte, browserName=chrome, kobiton:captureScreenshots=true, kobiton:deviceGroup=KOBITON, kobiton:deviceOrientation=portrait, kobiton:retainDurationInSeconds=0, kobiton:sessionDescription=, kobiton:sessionName=Automation test session, kobiton:useConfiguration=, platformName=ANDROID}], desiredCapabilities=Capabilities {appium:accessKey: b4202a39-ac70-4a72-98c9-f84..., appium:app: kobiton-store:654582, appium:autoWebview: true, appium:deviceName: Pixel *, appium:platformVersion: 15, appium:username: is.emmanuel.deloitte, browserName: chrome, kobiton:captureScreenshots: true, kobiton:deviceGroup: KOBITON, kobiton:deviceOrientation: portrait, kobiton:retainDurationInSeconds: 0, kobiton:sessionDescription: , kobiton:sessionName: Automation test session, kobiton:useConfiguration: , platformName: ANDROID}}]
Capabilities {appium:accessKey: b4202a39-ac70-4a72-98c9-f84..., appium:app: kobiton-store:654582, appium:autoWebview: true, appium:deviceName: Pixel *, appium:platformVersion: 15, appium:username: is.emmanuel.deloitte, browserName: chrome, kobiton:captureScreenshots: true, kobiton:deviceGroup: KOBITON, kobiton:deviceOrientation: portrait, kobiton:retainDurationInSeconds: 0, kobiton:sessionDescription: , kobiton:sessionName: Automation test session, kobiton:useConfiguration: , platformName: ANDROID}
at org.openqa.selenium.remote.ProtocolHandshake.createSession(ProtocolHandshake.java:140)
at java.base/jdk.internal.reflect.DirectMethodHandleAccessor.invoke(DirectMethodHandleAccessor.java:103)
at java.base/java.lang.reflect.Method.invoke(Method.java:580)
at io.appium.java_client.remote.AppiumProtocolHandshake.createSession(AppiumProtocolHandshake.java:133)
at io.appium.java_client.remote.AppiumProtocolHandshake.createSession(AppiumProtocolHandshake.java:102)
at io.appium.java_client.remote.AppiumCommandExecutor.createSession(AppiumCommandExecutor.java:182)
at io.appium.java_client.remote.AppiumCommandExecutor.execute(AppiumCommandExecutor.java:250)
at org.openqa.selenium.remote.RemoteWebDriver.execute(RemoteWebDriver.java:602)
at io.appium.java_client.AppiumDriver.startSession(AppiumDriver.java:274)
at org.openqa.selenium.remote.RemoteWebDriver.<init>(RemoteWebDriver.java:163)
at io.appium.java_client.AppiumDriver.<init>(AppiumDriver.java:89)
at io.appium.java_client.AppiumDriver.<init>(AppiumDriver.java:101)
at io.appium.java_client.android.AndroidDriver.<init>(AndroidDriver.java:113)
at base.BaseTest.init(BaseTest.java:21)
at java.base/jdk.internal.reflect.DirectMethodHandleAccessor.invoke(DirectMethodHandleAccessor.java:103)
at java.base/java.lang.reflect.Method.invoke(Method.java:580)
at org.testng.internal.invokers.MethodInvocationHelper.invokeMethod(MethodInvocationHelper.java:136)
at org.testng.internal.invokers.MethodInvocationHelper.invokeMethodConsideringTimeout(MethodInvocationHelper.java:65)
at org.testng.internal.invokers.ConfigInvoker.invokeConfigurationMethod(ConfigInvoker.java:381)
at org.testng.internal.invokers.ConfigInvoker.invokeConfigurations(ConfigInvoker.java:319)
at org.testng.internal.invokers.TestMethodWorker.invokeBeforeClassMethods(TestMethodWorker.java:178)
at org.testng.internal.invokers.TestMethodWorker.run(TestMethodWorker.java:122)
at java.base/java.util.ArrayList.forEach(ArrayList.java:1597)
at org.testng.TestRunner.privateRun(TestRunner.java:808)
at org.testng.TestRunner.run(TestRunner.java:603)
at org.testng.SuiteRunner.runTest(SuiteRunner.java:429)
at org.testng.SuiteRunner.runSequentially(SuiteRunner.java:423)
at org.testng.SuiteRunner.privateRun(SuiteRunner.java:383)
at org.testng.SuiteRunner.run(SuiteRunner.java:326)
at org.testng.SuiteRunnerWorker.runSuite(SuiteRunnerWorker.java:52)
at org.testng.SuiteRunnerWorker.run(SuiteRunnerWorker.java:95)
at org.testng.TestNG.runSuitesSequentially(TestNG.java:1249)
at org.testng.TestNG.runSuitesLocally(TestNG.java:1169)
at org.testng.TestNG.runSuites(TestNG.java:1092)
at org.testng.TestNG.run(TestNG.java:1060)
at org.apache.maven.surefire.testng.TestNGExecutor.run(TestNGExecutor.java:155)
at org.apache.maven.surefire.testng.TestNGDirectoryTestSuite.executeMulti(TestNGDirectoryTestSuite.java:169)
at org.apache.maven.surefire.testng.TestNGDirectoryTestSuite.execute(TestNGDirectoryTestSuite.java:88)
at org.apache.maven.surefire.testng.TestNGProvider.invoke(TestNGProvider.java:137)
at org.apache.maven.surefire.booter.ForkedBooter.runSuitesInProcess(ForkedBooter.java:385)
at org.apache.maven.surefire.booter.ForkedBooter.execute(ForkedBooter.java:162)
at org.apache.maven.surefire.booter.ForkedBooter.run(ForkedBooter.java:507)
at org.apache.maven.surefire.booter.ForkedBooter.main(ForkedBooter.java:495)
]]>
            </full-stacktrace>
          </exception> <!-- org.openqa.selenium.SessionNotCreatedException -->
          <reporter-output>
          </reporter-output>
        </test-method> <!-- assertPreferenceOptionIsDisplayed -->
        <test-method signature="assertThatClickingPreferenceOptionOpensPreferencePage()[pri:0, instance:MainPageTests@20d3d15a]" started-at="2025-06-12T16:34:41 CST" name="assertThatClickingPreferenceOptionOpensPreferencePage" finished-at="2025-06-12T16:34:41 CST" duration-ms="0" status="SKIP">
          <exception class="org.openqa.selenium.SessionNotCreatedException">
            <message>
              <![CDATA[Could not start a new session. Response code 400. Message: You have reached 1/1 parallel tests. Try again soon or contact Support to upgrade. 
Host info: host: 'MacBook-Pro.local', ip: 'fe80:0:0:0:84a:392:f7f3:7d6d%en0'
Build info: version: '4.13.0', revision: 'ba948ece5b*'
System info: os.name: 'Mac OS X', os.arch: 'aarch64', os.version: '15.5', java.version: '23.0.2'
Driver info: io.appium.java_client.android.AndroidDriver
Command: [null, newSession {capabilities=[{appium:accessKey=b4202a39-ac70-4a72-98c9-f84b0e338516, appium:app=kobiton-store:654582, appium:autoWebview=true, appium:deviceName=Pixel *, appium:platformVersion=15, appium:username=is.emmanuel.deloitte, browserName=chrome, kobiton:captureScreenshots=true, kobiton:deviceGroup=KOBITON, kobiton:deviceOrientation=portrait, kobiton:retainDurationInSeconds=0, kobiton:sessionDescription=, kobiton:sessionName=Automation test session, kobiton:useConfiguration=, platformName=ANDROID}], desiredCapabilities=Capabilities {appium:accessKey: b4202a39-ac70-4a72-98c9-f84..., appium:app: kobiton-store:654582, appium:autoWebview: true, appium:deviceName: Pixel *, appium:platformVersion: 15, appium:username: is.emmanuel.deloitte, browserName: chrome, kobiton:captureScreenshots: true, kobiton:deviceGroup: KOBITON, kobiton:deviceOrientation: portrait, kobiton:retainDurationInSeconds: 0, kobiton:sessionDescription: , kobiton:sessionName: Automation test session, kobiton:useConfiguration: , platformName: ANDROID}}]
Capabilities {appium:accessKey: b4202a39-ac70-4a72-98c9-f84..., appium:app: kobiton-store:654582, appium:autoWebview: true, appium:deviceName: Pixel *, appium:platformVersion: 15, appium:username: is.emmanuel.deloitte, browserName: chrome, kobiton:captureScreenshots: true, kobiton:deviceGroup: KOBITON, kobiton:deviceOrientation: portrait, kobiton:retainDurationInSeconds: 0, kobiton:sessionDescription: , kobiton:sessionName: Automation test session, kobiton:useConfiguration: , platformName: ANDROID}]]>
            </message>
            <full-stacktrace>
              <![CDATA[org.openqa.selenium.SessionNotCreatedException: Could not start a new session. Response code 400. Message: You have reached 1/1 parallel tests. Try again soon or contact Support to upgrade. 
Host info: host: 'MacBook-Pro.local', ip: 'fe80:0:0:0:84a:392:f7f3:7d6d%en0'
Build info: version: '4.13.0', revision: 'ba948ece5b*'
System info: os.name: 'Mac OS X', os.arch: 'aarch64', os.version: '15.5', java.version: '23.0.2'
Driver info: io.appium.java_client.android.AndroidDriver
Command: [null, newSession {capabilities=[{appium:accessKey=b4202a39-ac70-4a72-98c9-f84b0e338516, appium:app=kobiton-store:654582, appium:autoWebview=true, appium:deviceName=Pixel *, appium:platformVersion=15, appium:username=is.emmanuel.deloitte, browserName=chrome, kobiton:captureScreenshots=true, kobiton:deviceGroup=KOBITON, kobiton:deviceOrientation=portrait, kobiton:retainDurationInSeconds=0, kobiton:sessionDescription=, kobiton:sessionName=Automation test session, kobiton:useConfiguration=, platformName=ANDROID}], desiredCapabilities=Capabilities {appium:accessKey: b4202a39-ac70-4a72-98c9-f84..., appium:app: kobiton-store:654582, appium:autoWebview: true, appium:deviceName: Pixel *, appium:platformVersion: 15, appium:username: is.emmanuel.deloitte, browserName: chrome, kobiton:captureScreenshots: true, kobiton:deviceGroup: KOBITON, kobiton:deviceOrientation: portrait, kobiton:retainDurationInSeconds: 0, kobiton:sessionDescription: , kobiton:sessionName: Automation test session, kobiton:useConfiguration: , platformName: ANDROID}}]
Capabilities {appium:accessKey: b4202a39-ac70-4a72-98c9-f84..., appium:app: kobiton-store:654582, appium:autoWebview: true, appium:deviceName: Pixel *, appium:platformVersion: 15, appium:username: is.emmanuel.deloitte, browserName: chrome, kobiton:captureScreenshots: true, kobiton:deviceGroup: KOBITON, kobiton:deviceOrientation: portrait, kobiton:retainDurationInSeconds: 0, kobiton:sessionDescription: , kobiton:sessionName: Automation test session, kobiton:useConfiguration: , platformName: ANDROID}
at org.openqa.selenium.remote.ProtocolHandshake.createSession(ProtocolHandshake.java:140)
at java.base/jdk.internal.reflect.DirectMethodHandleAccessor.invoke(DirectMethodHandleAccessor.java:103)
at java.base/java.lang.reflect.Method.invoke(Method.java:580)
at io.appium.java_client.remote.AppiumProtocolHandshake.createSession(AppiumProtocolHandshake.java:133)
at io.appium.java_client.remote.AppiumProtocolHandshake.createSession(AppiumProtocolHandshake.java:102)
at io.appium.java_client.remote.AppiumCommandExecutor.createSession(AppiumCommandExecutor.java:182)
at io.appium.java_client.remote.AppiumCommandExecutor.execute(AppiumCommandExecutor.java:250)
at org.openqa.selenium.remote.RemoteWebDriver.execute(RemoteWebDriver.java:602)
at io.appium.java_client.AppiumDriver.startSession(AppiumDriver.java:274)
at org.openqa.selenium.remote.RemoteWebDriver.<init>(RemoteWebDriver.java:163)
at io.appium.java_client.AppiumDriver.<init>(AppiumDriver.java:89)
at io.appium.java_client.AppiumDriver.<init>(AppiumDriver.java:101)
at io.appium.java_client.android.AndroidDriver.<init>(AndroidDriver.java:113)
at base.BaseTest.init(BaseTest.java:21)
at java.base/jdk.internal.reflect.DirectMethodHandleAccessor.invoke(DirectMethodHandleAccessor.java:103)
at java.base/java.lang.reflect.Method.invoke(Method.java:580)
at org.testng.internal.invokers.MethodInvocationHelper.invokeMethod(MethodInvocationHelper.java:136)
at org.testng.internal.invokers.MethodInvocationHelper.invokeMethodConsideringTimeout(MethodInvocationHelper.java:65)
at org.testng.internal.invokers.ConfigInvoker.invokeConfigurationMethod(ConfigInvoker.java:381)
at org.testng.internal.invokers.ConfigInvoker.invokeConfigurations(ConfigInvoker.java:319)
at org.testng.internal.invokers.TestMethodWorker.invokeBeforeClassMethods(TestMethodWorker.java:178)
at org.testng.internal.invokers.TestMethodWorker.run(TestMethodWorker.java:122)
at java.base/java.util.ArrayList.forEach(ArrayList.java:1597)
at org.testng.TestRunner.privateRun(TestRunner.java:808)
at org.testng.TestRunner.run(TestRunner.java:603)
at org.testng.SuiteRunner.runTest(SuiteRunner.java:429)
at org.testng.SuiteRunner.runSequentially(SuiteRunner.java:423)
at org.testng.SuiteRunner.privateRun(SuiteRunner.java:383)
at org.testng.SuiteRunner.run(SuiteRunner.java:326)
at org.testng.SuiteRunnerWorker.runSuite(SuiteRunnerWorker.java:52)
at org.testng.SuiteRunnerWorker.run(SuiteRunnerWorker.java:95)
at org.testng.TestNG.runSuitesSequentially(TestNG.java:1249)
at org.testng.TestNG.runSuitesLocally(TestNG.java:1169)
at org.testng.TestNG.runSuites(TestNG.java:1092)
at org.testng.TestNG.run(TestNG.java:1060)
at org.apache.maven.surefire.testng.TestNGExecutor.run(TestNGExecutor.java:155)
at org.apache.maven.surefire.testng.TestNGDirectoryTestSuite.executeMulti(TestNGDirectoryTestSuite.java:169)
at org.apache.maven.surefire.testng.TestNGDirectoryTestSuite.execute(TestNGDirectoryTestSuite.java:88)
at org.apache.maven.surefire.testng.TestNGProvider.invoke(TestNGProvider.java:137)
at org.apache.maven.surefire.booter.ForkedBooter.runSuitesInProcess(ForkedBooter.java:385)
at org.apache.maven.surefire.booter.ForkedBooter.execute(ForkedBooter.java:162)
at org.apache.maven.surefire.booter.ForkedBooter.run(ForkedBooter.java:507)
at org.apache.maven.surefire.booter.ForkedBooter.main(ForkedBooter.java:495)
]]>
            </full-stacktrace>
          </exception> <!-- org.openqa.selenium.SessionNotCreatedException -->
          <reporter-output>
          </reporter-output>
        </test-method> <!-- assertThatClickingPreferenceOptionOpensPreferencePage -->
        <test-method signature="assertThatOnPreferenceScreenPreferenceDependenciesOptionIsDisplayed()[pri:0, instance:MainPageTests@20d3d15a]" started-at="2025-06-12T16:34:41 CST" name="assertThatOnPreferenceScreenPreferenceDependenciesOptionIsDisplayed" finished-at="2025-06-12T16:34:41 CST" duration-ms="0" status="SKIP">
          <exception class="org.openqa.selenium.SessionNotCreatedException">
            <message>
              <![CDATA[Could not start a new session. Response code 400. Message: You have reached 1/1 parallel tests. Try again soon or contact Support to upgrade. 
Host info: host: 'MacBook-Pro.local', ip: 'fe80:0:0:0:84a:392:f7f3:7d6d%en0'
Build info: version: '4.13.0', revision: 'ba948ece5b*'
System info: os.name: 'Mac OS X', os.arch: 'aarch64', os.version: '15.5', java.version: '23.0.2'
Driver info: io.appium.java_client.android.AndroidDriver
Command: [null, newSession {capabilities=[{appium:accessKey=b4202a39-ac70-4a72-98c9-f84b0e338516, appium:app=kobiton-store:654582, appium:autoWebview=true, appium:deviceName=Pixel *, appium:platformVersion=15, appium:username=is.emmanuel.deloitte, browserName=chrome, kobiton:captureScreenshots=true, kobiton:deviceGroup=KOBITON, kobiton:deviceOrientation=portrait, kobiton:retainDurationInSeconds=0, kobiton:sessionDescription=, kobiton:sessionName=Automation test session, kobiton:useConfiguration=, platformName=ANDROID}], desiredCapabilities=Capabilities {appium:accessKey: b4202a39-ac70-4a72-98c9-f84..., appium:app: kobiton-store:654582, appium:autoWebview: true, appium:deviceName: Pixel *, appium:platformVersion: 15, appium:username: is.emmanuel.deloitte, browserName: chrome, kobiton:captureScreenshots: true, kobiton:deviceGroup: KOBITON, kobiton:deviceOrientation: portrait, kobiton:retainDurationInSeconds: 0, kobiton:sessionDescription: , kobiton:sessionName: Automation test session, kobiton:useConfiguration: , platformName: ANDROID}}]
Capabilities {appium:accessKey: b4202a39-ac70-4a72-98c9-f84..., appium:app: kobiton-store:654582, appium:autoWebview: true, appium:deviceName: Pixel *, appium:platformVersion: 15, appium:username: is.emmanuel.deloitte, browserName: chrome, kobiton:captureScreenshots: true, kobiton:deviceGroup: KOBITON, kobiton:deviceOrientation: portrait, kobiton:retainDurationInSeconds: 0, kobiton:sessionDescription: , kobiton:sessionName: Automation test session, kobiton:useConfiguration: , platformName: ANDROID}]]>
            </message>
            <full-stacktrace>
              <![CDATA[org.openqa.selenium.SessionNotCreatedException: Could not start a new session. Response code 400. Message: You have reached 1/1 parallel tests. Try again soon or contact Support to upgrade. 
Host info: host: 'MacBook-Pro.local', ip: 'fe80:0:0:0:84a:392:f7f3:7d6d%en0'
Build info: version: '4.13.0', revision: 'ba948ece5b*'
System info: os.name: 'Mac OS X', os.arch: 'aarch64', os.version: '15.5', java.version: '23.0.2'
Driver info: io.appium.java_client.android.AndroidDriver
Command: [null, newSession {capabilities=[{appium:accessKey=b4202a39-ac70-4a72-98c9-f84b0e338516, appium:app=kobiton-store:654582, appium:autoWebview=true, appium:deviceName=Pixel *, appium:platformVersion=15, appium:username=is.emmanuel.deloitte, browserName=chrome, kobiton:captureScreenshots=true, kobiton:deviceGroup=KOBITON, kobiton:deviceOrientation=portrait, kobiton:retainDurationInSeconds=0, kobiton:sessionDescription=, kobiton:sessionName=Automation test session, kobiton:useConfiguration=, platformName=ANDROID}], desiredCapabilities=Capabilities {appium:accessKey: b4202a39-ac70-4a72-98c9-f84..., appium:app: kobiton-store:654582, appium:autoWebview: true, appium:deviceName: Pixel *, appium:platformVersion: 15, appium:username: is.emmanuel.deloitte, browserName: chrome, kobiton:captureScreenshots: true, kobiton:deviceGroup: KOBITON, kobiton:deviceOrientation: portrait, kobiton:retainDurationInSeconds: 0, kobiton:sessionDescription: , kobiton:sessionName: Automation test session, kobiton:useConfiguration: , platformName: ANDROID}}]
Capabilities {appium:accessKey: b4202a39-ac70-4a72-98c9-f84..., appium:app: kobiton-store:654582, appium:autoWebview: true, appium:deviceName: Pixel *, appium:platformVersion: 15, appium:username: is.emmanuel.deloitte, browserName: chrome, kobiton:captureScreenshots: true, kobiton:deviceGroup: KOBITON, kobiton:deviceOrientation: portrait, kobiton:retainDurationInSeconds: 0, kobiton:sessionDescription: , kobiton:sessionName: Automation test session, kobiton:useConfiguration: , platformName: ANDROID}
at org.openqa.selenium.remote.ProtocolHandshake.createSession(ProtocolHandshake.java:140)
at java.base/jdk.internal.reflect.DirectMethodHandleAccessor.invoke(DirectMethodHandleAccessor.java:103)
at java.base/java.lang.reflect.Method.invoke(Method.java:580)
at io.appium.java_client.remote.AppiumProtocolHandshake.createSession(AppiumProtocolHandshake.java:133)
at io.appium.java_client.remote.AppiumProtocolHandshake.createSession(AppiumProtocolHandshake.java:102)
at io.appium.java_client.remote.AppiumCommandExecutor.createSession(AppiumCommandExecutor.java:182)
at io.appium.java_client.remote.AppiumCommandExecutor.execute(AppiumCommandExecutor.java:250)
at org.openqa.selenium.remote.RemoteWebDriver.execute(RemoteWebDriver.java:602)
at io.appium.java_client.AppiumDriver.startSession(AppiumDriver.java:274)
at org.openqa.selenium.remote.RemoteWebDriver.<init>(RemoteWebDriver.java:163)
at io.appium.java_client.AppiumDriver.<init>(AppiumDriver.java:89)
at io.appium.java_client.AppiumDriver.<init>(AppiumDriver.java:101)
at io.appium.java_client.android.AndroidDriver.<init>(AndroidDriver.java:113)
at base.BaseTest.init(BaseTest.java:21)
at java.base/jdk.internal.reflect.DirectMethodHandleAccessor.invoke(DirectMethodHandleAccessor.java:103)
at java.base/java.lang.reflect.Method.invoke(Method.java:580)
at org.testng.internal.invokers.MethodInvocationHelper.invokeMethod(MethodInvocationHelper.java:136)
at org.testng.internal.invokers.MethodInvocationHelper.invokeMethodConsideringTimeout(MethodInvocationHelper.java:65)
at org.testng.internal.invokers.ConfigInvoker.invokeConfigurationMethod(ConfigInvoker.java:381)
at org.testng.internal.invokers.ConfigInvoker.invokeConfigurations(ConfigInvoker.java:319)
at org.testng.internal.invokers.TestMethodWorker.invokeBeforeClassMethods(TestMethodWorker.java:178)
at org.testng.internal.invokers.TestMethodWorker.run(TestMethodWorker.java:122)
at java.base/java.util.ArrayList.forEach(ArrayList.java:1597)
at org.testng.TestRunner.privateRun(TestRunner.java:808)
at org.testng.TestRunner.run(TestRunner.java:603)
at org.testng.SuiteRunner.runTest(SuiteRunner.java:429)
at org.testng.SuiteRunner.runSequentially(SuiteRunner.java:423)
at org.testng.SuiteRunner.privateRun(SuiteRunner.java:383)
at org.testng.SuiteRunner.run(SuiteRunner.java:326)
at org.testng.SuiteRunnerWorker.runSuite(SuiteRunnerWorker.java:52)
at org.testng.SuiteRunnerWorker.run(SuiteRunnerWorker.java:95)
at org.testng.TestNG.runSuitesSequentially(TestNG.java:1249)
at org.testng.TestNG.runSuitesLocally(TestNG.java:1169)
at org.testng.TestNG.runSuites(TestNG.java:1092)
at org.testng.TestNG.run(TestNG.java:1060)
at org.apache.maven.surefire.testng.TestNGExecutor.run(TestNGExecutor.java:155)
at org.apache.maven.surefire.testng.TestNGDirectoryTestSuite.executeMulti(TestNGDirectoryTestSuite.java:169)
at org.apache.maven.surefire.testng.TestNGDirectoryTestSuite.execute(TestNGDirectoryTestSuite.java:88)
at org.apache.maven.surefire.testng.TestNGProvider.invoke(TestNGProvider.java:137)
at org.apache.maven.surefire.booter.ForkedBooter.runSuitesInProcess(ForkedBooter.java:385)
at org.apache.maven.surefire.booter.ForkedBooter.execute(ForkedBooter.java:162)
at org.apache.maven.surefire.booter.ForkedBooter.run(ForkedBooter.java:507)
at org.apache.maven.surefire.booter.ForkedBooter.main(ForkedBooter.java:495)
]]>
            </full-stacktrace>
          </exception> <!-- org.openqa.selenium.SessionNotCreatedException -->
          <reporter-output>
          </reporter-output>
        </test-method> <!-- assertThatOnPreferenceScreenPreferenceDependenciesOptionIsDisplayed -->
        <test-method is-config="true" signature="tearDown()[pri:0, instance:MainPageTests@20d3d15a]" started-at="2025-06-12T16:34:41 CST" name="tearDown" finished-at="2025-06-12T16:34:41 CST" duration-ms="0" status="SKIP">
          <reporter-output>
          </reporter-output>
        </test-method> <!-- tearDown -->
      </class> <!-- MainPageTests -->
    </test> <!-- Surefire test -->
  </suite> <!-- Surefire suite -->
</testng-results>
