<?xml version="1.0" encoding="UTF-8"?>
<!-- Generated by org.testng.reporters.JUnitReportReporter -->
<testsuite hostname="MacBook-Pro.local" failures="0" tests="4" name="MainPageTests" time="9.105" errors="1" timestamp="2025-06-12T16:40:46 CST" skipped="3">
  <testcase classname="MainPageTests" name="assertThatClickingPreferenceOptionOpensPreferencePage" time="0.000">
    <skipped/>
  </testcase> <!-- assertThatClickingPreferenceOptionOpensPreferencePage -->
  <system-out/>
  <testcase classname="MainPageTests" name="assertPreferenceOptionIsDisplayed" time="0.000">
    <skipped/>
  </testcase> <!-- assertPreferenceOptionIsDisplayed -->
  <system-out/>
  <testcase classname="MainPageTests" name="assertThatOnPreferenceScreenPreferenceDependenciesOptionIsDisplayed" time="0.000">
    <skipped/>
  </testcase> <!-- assertThatOnPreferenceScreenPreferenceDependenciesOptionIsDisplayed -->
  <system-out/>
  <testcase classname="MainPageTests" name="init" time="9.105">
    <error message="Could not start a new session. Response code 400. Message: You have reached 1/1 parallel tests. Try again soon or contact Support to upgrade. 
Host info: host: &#039;MacBook-Pro.local&#039;, ip: &#039;fe80:0:0:0:84a:392:f7f3:7d6d%en0&#039;
Build info: version: &#039;4.13.0&#039;, revision: &#039;ba948ece5b*&#039;
System info: os.name: &#039;Mac OS X&#039;, os.arch: &#039;aarch64&#039;, os.version: &#039;15.5&#039;, java.version: &#039;23.0.2&#039;
Driver info: io.appium.java_client.android.AndroidDriver
Command: [null, newSession {capabilities=[{appium:accessKey=b4202a39-ac70-4a72-98c9-f84b0e338516, appium:app=kobiton-store:654582, appium:autoWebview=true, appium:deviceName=Pixel *, appium:platformVersion=15, appium:username=is.emmanuel.deloitte, browserName=chrome, kobiton:captureScreenshots=true, kobiton:deviceGroup=KOBITON, kobiton:deviceOrientation=portrait, kobiton:retainDurationInSeconds=0, kobiton:sessionDescription=, kobiton:sessionName=Automation test session, kobiton:useConfiguration=, platformName=ANDROID}], desiredCapabilities=Capabilities {appium:accessKey: b4202a39-ac70-4a72-98c9-f84..., appium:app: kobiton-store:654582, appium:autoWebview: true, appium:deviceName: Pixel *, appium:platformVersion: 15, appium:username: is.emmanuel.deloitte, browserName: chrome, kobiton:captureScreenshots: true, kobiton:deviceGroup: KOBITON, kobiton:deviceOrientation: portrait, kobiton:retainDurationInSeconds: 0, kobiton:sessionDescription: , kobiton:sessionName: Automation test session, kobiton:useConfiguration: , platformName: ANDROID}}]
Capabilities {appium:accessKey: b4202a39-ac70-4a72-98c9-f84..., appium:app: kobiton-store:654582, appium:autoWebview: true, appium:deviceName: Pixel *, appium:platformVersion: 15, appium:username: is.emmanuel.deloitte, browserName: chrome, kobiton:captureScreenshots: true, kobiton:deviceGroup: KOBITON, kobiton:deviceOrientation: portrait, kobiton:retainDurationInSeconds: 0, kobiton:sessionDescription: , kobiton:sessionName: Automation test session, kobiton:useConfiguration: , platformName: ANDROID}" type="org.openqa.selenium.SessionNotCreatedException">
      <![CDATA[org.openqa.selenium.SessionNotCreatedException: Could not start a new session. Response code 400. Message: You have reached 1/1 parallel tests. Try again soon or contact Support to upgrade. 
Host info: host: 'MacBook-Pro.local', ip: 'fe80:0:0:0:84a:392:f7f3:7d6d%en0'
Build info: version: '4.13.0', revision: 'ba948ece5b*'
System info: os.name: 'Mac OS X', os.arch: 'aarch64', os.version: '15.5', java.version: '23.0.2'
Driver info: io.appium.java_client.android.AndroidDriver
Command: [null, newSession {capabilities=[{appium:accessKey=b4202a39-ac70-4a72-98c9-f84b0e338516, appium:app=kobiton-store:654582, appium:autoWebview=true, appium:deviceName=Pixel *, appium:platformVersion=15, appium:username=is.emmanuel.deloitte, browserName=chrome, kobiton:captureScreenshots=true, kobiton:deviceGroup=KOBITON, kobiton:deviceOrientation=portrait, kobiton:retainDurationInSeconds=0, kobiton:sessionDescription=, kobiton:sessionName=Automation test session, kobiton:useConfiguration=, platformName=ANDROID}], desiredCapabilities=Capabilities {appium:accessKey: b4202a39-ac70-4a72-98c9-f84..., appium:app: kobiton-store:654582, appium:autoWebview: true, appium:deviceName: Pixel *, appium:platformVersion: 15, appium:username: is.emmanuel.deloitte, browserName: chrome, kobiton:captureScreenshots: true, kobiton:deviceGroup: KOBITON, kobiton:deviceOrientation: portrait, kobiton:retainDurationInSeconds: 0, kobiton:sessionDescription: , kobiton:sessionName: Automation test session, kobiton:useConfiguration: , platformName: ANDROID}}]
Capabilities {appium:accessKey: b4202a39-ac70-4a72-98c9-f84..., appium:app: kobiton-store:654582, appium:autoWebview: true, appium:deviceName: Pixel *, appium:platformVersion: 15, appium:username: is.emmanuel.deloitte, browserName: chrome, kobiton:captureScreenshots: true, kobiton:deviceGroup: KOBITON, kobiton:deviceOrientation: portrait, kobiton:retainDurationInSeconds: 0, kobiton:sessionDescription: , kobiton:sessionName: Automation test session, kobiton:useConfiguration: , platformName: ANDROID}
at org.openqa.selenium.remote.ProtocolHandshake.createSession(ProtocolHandshake.java:140)
at java.base/jdk.internal.reflect.DirectMethodHandleAccessor.invoke(DirectMethodHandleAccessor.java:103)
at java.base/java.lang.reflect.Method.invoke(Method.java:580)
at io.appium.java_client.remote.AppiumProtocolHandshake.createSession(AppiumProtocolHandshake.java:133)
at io.appium.java_client.remote.AppiumProtocolHandshake.createSession(AppiumProtocolHandshake.java:102)
at io.appium.java_client.remote.AppiumCommandExecutor.createSession(AppiumCommandExecutor.java:182)
at io.appium.java_client.remote.AppiumCommandExecutor.execute(AppiumCommandExecutor.java:250)
at org.openqa.selenium.remote.RemoteWebDriver.execute(RemoteWebDriver.java:602)
at io.appium.java_client.AppiumDriver.startSession(AppiumDriver.java:274)
at org.openqa.selenium.remote.RemoteWebDriver.<init>(RemoteWebDriver.java:163)
at io.appium.java_client.AppiumDriver.<init>(AppiumDriver.java:89)
at io.appium.java_client.AppiumDriver.<init>(AppiumDriver.java:101)
at io.appium.java_client.android.AndroidDriver.<init>(AndroidDriver.java:113)
at base.BaseTest.init(BaseTest.java:21)
at java.base/jdk.internal.reflect.DirectMethodHandleAccessor.invoke(DirectMethodHandleAccessor.java:103)
at java.base/java.lang.reflect.Method.invoke(Method.java:580)
at org.testng.internal.invokers.MethodInvocationHelper.invokeMethod(MethodInvocationHelper.java:136)
at org.testng.internal.invokers.MethodInvocationHelper.invokeMethodConsideringTimeout(MethodInvocationHelper.java:65)
at org.testng.internal.invokers.ConfigInvoker.invokeConfigurationMethod(ConfigInvoker.java:381)
at org.testng.internal.invokers.ConfigInvoker.invokeConfigurations(ConfigInvoker.java:319)
at org.testng.internal.invokers.TestMethodWorker.invokeBeforeClassMethods(TestMethodWorker.java:178)
at org.testng.internal.invokers.TestMethodWorker.run(TestMethodWorker.java:122)
at java.base/java.util.ArrayList.forEach(ArrayList.java:1597)
at org.testng.TestRunner.privateRun(TestRunner.java:808)
at org.testng.TestRunner.run(TestRunner.java:603)
at org.testng.SuiteRunner.runTest(SuiteRunner.java:429)
at org.testng.SuiteRunner.runSequentially(SuiteRunner.java:423)
at org.testng.SuiteRunner.privateRun(SuiteRunner.java:383)
at org.testng.SuiteRunner.run(SuiteRunner.java:326)
at org.testng.SuiteRunnerWorker.runSuite(SuiteRunnerWorker.java:52)
at org.testng.SuiteRunnerWorker.run(SuiteRunnerWorker.java:95)
at org.testng.TestNG.runSuitesSequentially(TestNG.java:1249)
at org.testng.TestNG.runSuitesLocally(TestNG.java:1169)
at org.testng.TestNG.runSuites(TestNG.java:1092)
at org.testng.TestNG.run(TestNG.java:1060)
at org.apache.maven.surefire.testng.TestNGExecutor.run(TestNGExecutor.java:155)
at org.apache.maven.surefire.testng.TestNGDirectoryTestSuite.executeSingleClass(TestNGDirectoryTestSuite.java:102)
at org.apache.maven.surefire.testng.TestNGDirectoryTestSuite.execute(TestNGDirectoryTestSuite.java:91)
at org.apache.maven.surefire.testng.TestNGProvider.invoke(TestNGProvider.java:137)
at org.apache.maven.surefire.booter.ForkedBooter.runSuitesInProcess(ForkedBooter.java:385)
at org.apache.maven.surefire.booter.ForkedBooter.execute(ForkedBooter.java:162)
at org.apache.maven.surefire.booter.ForkedBooter.run(ForkedBooter.java:507)
at org.apache.maven.surefire.booter.ForkedBooter.main(ForkedBooter.java:495)
]]>
    </error>
  </testcase> <!-- init -->
  <system-out/>
</testsuite> <!-- MainPageTests -->
